<?xml version="1.0" encoding="UTF-8"?>
<testng-results skipped="0" failed="0" total="1" passed="1">
  <reporter-output>
  </reporter-output>
  <suite name="Default suite" duration-ms="18191" started-at="2015-06-18T20:49:46Z" finished-at="2015-06-18T20:50:04Z">
    <groups>
    </groups>
    <test name="Default test" duration-ms="18191" started-at="2015-06-18T20:49:46Z" finished-at="2015-06-18T20:50:04Z">
      <class name="Demo">
        <test-method status="PASS" signature="testMethod1()[pri:0, instance:Demo@357246de]" name="testMethod1" duration-ms="18160" started-at="2015-06-18T16:49:46Z" finished-at="2015-06-18T16:50:04Z">
          <reporter-output>
          </reporter-output>
        </test-method> <!-- testMethod1 -->
      </class> <!-- Demo -->
    </test> <!-- Default test -->
  </suite> <!-- Default suite -->
</testng-results>
